0 verbose cli /usr/bin/node /usr/lib/node_modules/npm/bin/npm-cli.js
1 info using npm@10.9.7
2 info using node@v22.22.2
3 silly config load:file:/usr/lib/node_modules/npm/npmrc
4 silly config load:file:/home/keiran/.openclaw/plugin-runtime-deps/openclaw-unknown-cf1583a57bcf/.npmrc
5 silly config load:file:/home/keiran/.npmrc
6 silly config load:file:/home/keiran/.npm-global/etc/npmrc
7 verbose title npm install @grammyjs/runner@^2.0.3 @grammyjs/transformer-throttler@^1.2.1 grammy@^1.42.0 typebox@1.1.31 undici@8.1.0
8 verbose argv "install" "--ignore-scripts" "@grammyjs/runner@^2.0.3" "@grammyjs/transformer-throttler@^1.2.1" "grammy@^1.42.0" "typebox@1.1.31" "undici@8.1.0"
9 verbose logfile logs-max:10 dir:/home/keiran/.openclaw/plugin-runtime-deps/openclaw-unknown-cf1583a57bcf/.openclaw-npm-cache/_logs/2026-04-25T20_43_05_071Z-
10 verbose logfile /home/keiran/.openclaw/plugin-runtime-deps/openclaw-unknown-cf1583a57bcf/.openclaw-npm-cache/_logs/2026-04-25T20_43_05_071Z-debug-0.log
11 silly logfile done cleaning log files
12 silly packumentCache heap:4345298944 maxSize:1086324736 maxEntrySize:543162368
13 silly idealTree buildDeps
14 silly fetch manifest @grammyjs/runner@^2.0.3
15 silly packumentCache full:https://registry.npmjs.org/@grammyjs%2frunner cache-miss
16 http fetch GET 200 https://registry.npmjs.org/npm 91ms
17 http fetch GET 200 https://registry.npmjs.org/@grammyjs%2frunner 249ms (cache miss)
18 silly packumentCache full:https://registry.npmjs.org/@grammyjs%2frunner set size:undefined disposed:false
19 silly fetch manifest @grammyjs/transformer-throttler@^1.2.1
20 silly packumentCache full:https://registry.npmjs.org/@grammyjs%2ftransformer-throttler cache-miss
21 http fetch GET 200 https://registry.npmjs.org/@grammyjs%2ftransformer-throttler 39ms (cache miss)
22 silly packumentCache full:https://registry.npmjs.org/@grammyjs%2ftransformer-throttler set size:undefined disposed:false
23 silly fetch manifest grammy@^1.42.0
24 silly packumentCache full:https://registry.npmjs.org/grammy cache-miss
25 http fetch GET 200 https://registry.npmjs.org/grammy 44ms (cache miss)
26 silly packumentCache full:https://registry.npmjs.org/grammy set size:undefined disposed:false
27 silly fetch manifest typebox@1.1.31
28 silly packumentCache full:https://registry.npmjs.org/typebox cache-miss
29 http fetch GET 200 https://registry.npmjs.org/typebox 31ms (cache miss)
30 silly packumentCache full:https://registry.npmjs.org/typebox set size:undefined disposed:false
31 silly fetch manifest undici@8.1.0
32 silly packumentCache full:https://registry.npmjs.org/undici cache-miss
33 http fetch GET 200 https://registry.npmjs.org/undici 72ms (cache miss)
34 silly packumentCache full:https://registry.npmjs.org/undici set size:undefined disposed:false
35 silly placeDep ROOT @grammyjs/runner@2.0.3 OK for:  want: ^2.0.3
36 silly placeDep ROOT @grammyjs/transformer-throttler@1.2.1 OK for:  want: ^1.2.1
37 silly placeDep ROOT grammy@1.42.0 OK for:  want: ^1.42.0
38 silly placeDep ROOT typebox@1.1.31 OK for:  want: 1.1.31
39 silly placeDep ROOT undici@8.1.0 OK for:  want: 8.1.0
40 silly fetch manifest abort-controller@^3.0.0
41 silly packumentCache full:https://registry.npmjs.org/abort-controller cache-miss
42 silly fetch manifest bottleneck@^2.0.0
43 silly packumentCache full:https://registry.npmjs.org/bottleneck cache-miss
44 silly fetch manifest @grammyjs/types@3.26.0
45 silly packumentCache full:https://registry.npmjs.org/@grammyjs%2ftypes cache-miss
46 silly fetch manifest abort-controller@^3.0.0
47 silly packumentCache full:https://registry.npmjs.org/abort-controller cache-miss
48 silly fetch manifest debug@^4.4.3
49 silly packumentCache full:https://registry.npmjs.org/debug cache-miss
50 silly fetch manifest node-fetch@^2.7.0
51 silly packumentCache full:https://registry.npmjs.org/node-fetch cache-miss
52 http fetch GET 200 https://registry.npmjs.org/abort-controller 29ms (cache miss)
53 silly packumentCache full:https://registry.npmjs.org/abort-controller set size:undefined disposed:false
54 http fetch GET 200 https://registry.npmjs.org/bottleneck 32ms (cache miss)
55 silly packumentCache full:https://registry.npmjs.org/bottleneck set size:undefined disposed:false
56 http fetch GET 200 https://registry.npmjs.org/debug 48ms (cache miss)
57 silly packumentCache full:https://registry.npmjs.org/debug set size:undefined disposed:false
58 http fetch GET 200 https://registry.npmjs.org/abort-controller 68ms (cache miss)
59 silly packumentCache full:https://registry.npmjs.org/abort-controller set size:undefined disposed:false
60 http fetch GET 200 https://registry.npmjs.org/@grammyjs%2ftypes 74ms (cache miss)
61 silly packumentCache full:https://registry.npmjs.org/@grammyjs%2ftypes set size:undefined disposed:false
62 http fetch GET 200 https://registry.npmjs.org/node-fetch 77ms (cache miss)
63 silly packumentCache full:https://registry.npmjs.org/node-fetch set size:undefined disposed:false
64 silly placeDep ROOT abort-controller@3.0.0 OK for: @grammyjs/runner@2.0.3 want: ^3.0.0
65 silly fetch manifest event-target-shim@^5.0.0
66 silly packumentCache full:https://registry.npmjs.org/event-target-shim cache-miss
67 http fetch GET 200 https://registry.npmjs.org/event-target-shim 20ms (cache miss)
68 silly packumentCache full:https://registry.npmjs.org/event-target-shim set size:undefined disposed:false
69 silly placeDep ROOT bottleneck@2.19.5 OK for: @grammyjs/transformer-throttler@1.2.1 want: ^2.0.0
70 silly placeDep ROOT event-target-shim@5.0.1 OK for: abort-controller@3.0.0 want: ^5.0.0
71 silly placeDep ROOT @grammyjs/types@3.26.0 OK for: grammy@1.42.0 want: 3.26.0
72 silly placeDep ROOT debug@4.4.3 OK for: grammy@1.42.0 want: ^4.4.3
73 silly placeDep ROOT node-fetch@2.7.0 OK for: grammy@1.42.0 want: ^2.7.0
74 silly fetch manifest ms@^2.1.3
75 silly packumentCache full:https://registry.npmjs.org/ms cache-miss
76 silly fetch manifest whatwg-url@^5.0.0
77 silly packumentCache full:https://registry.npmjs.org/whatwg-url cache-miss
78 http fetch GET 200 https://registry.npmjs.org/ms 19ms (cache miss)
79 silly packumentCache full:https://registry.npmjs.org/ms set size:undefined disposed:false
80 http fetch GET 200 https://registry.npmjs.org/whatwg-url 25ms (cache miss)
81 silly packumentCache full:https://registry.npmjs.org/whatwg-url set size:undefined disposed:false
82 silly placeDep ROOT ms@2.1.3 OK for: debug@4.4.3 want: ^2.1.3
83 silly placeDep ROOT whatwg-url@5.0.0 OK for: node-fetch@2.7.0 want: ^5.0.0
84 silly fetch manifest tr46@~0.0.3
85 silly packumentCache full:https://registry.npmjs.org/tr46 cache-miss
86 silly fetch manifest webidl-conversions@^3.0.0
87 silly packumentCache full:https://registry.npmjs.org/webidl-conversions cache-miss
88 http fetch GET 200 https://registry.npmjs.org/webidl-conversions 21ms (cache miss)
89 silly packumentCache full:https://registry.npmjs.org/webidl-conversions set size:undefined disposed:false
90 http fetch GET 200 https://registry.npmjs.org/tr46 23ms (cache miss)
91 silly packumentCache full:https://registry.npmjs.org/tr46 set size:undefined disposed:false
92 silly placeDep ROOT tr46@0.0.3 OK for: whatwg-url@5.0.0 want: ~0.0.3
93 silly placeDep ROOT webidl-conversions@3.0.1 OK for: whatwg-url@5.0.0 want: ^3.0.0
94 silly reify moves {}
95 http cache webidl-conversions@https://registry.npmjs.org/webidl-conversions/-/webidl-conversions-3.0.1.tgz 0ms (cache hit)
96 http cache tr46@https://registry.npmjs.org/tr46/-/tr46-0.0.3.tgz 0ms (cache hit)
97 http cache whatwg-url@https://registry.npmjs.org/whatwg-url/-/whatwg-url-5.0.0.tgz 0ms (cache hit)
98 http cache node-fetch@https://registry.npmjs.org/node-fetch/-/node-fetch-2.7.0.tgz 0ms (cache hit)
99 http cache ms@https://registry.npmjs.org/ms/-/ms-2.1.3.tgz 0ms (cache hit)
100 http cache debug@https://registry.npmjs.org/debug/-/debug-4.4.3.tgz 0ms (cache hit)
101 http cache @grammyjs/types@https://registry.npmjs.org/@grammyjs/types/-/types-3.26.0.tgz 0ms (cache hit)
102 http cache event-target-shim@https://registry.npmjs.org/event-target-shim/-/event-target-shim-5.0.1.tgz 0ms (cache hit)
103 http cache bottleneck@https://registry.npmjs.org/bottleneck/-/bottleneck-2.19.5.tgz 0ms (cache hit)
104 http cache abort-controller@https://registry.npmjs.org/abort-controller/-/abort-controller-3.0.0.tgz 0ms (cache hit)
105 http cache undici@https://registry.npmjs.org/undici/-/undici-8.1.0.tgz 0ms (cache hit)
106 http cache typebox@https://registry.npmjs.org/typebox/-/typebox-1.1.31.tgz 0ms (cache hit)
107 http cache grammy@https://registry.npmjs.org/grammy/-/grammy-1.42.0.tgz 0ms (cache hit)
108 http cache @grammyjs/transformer-throttler@https://registry.npmjs.org/@grammyjs/transformer-throttler/-/transformer-throttler-1.2.1.tgz 0ms (cache hit)
109 http cache @grammyjs/runner@https://registry.npmjs.org/@grammyjs/runner/-/runner-2.0.3.tgz 0ms (cache hit)
110 silly tarball no local data for webidl-conversions@https://registry.npmjs.org/webidl-conversions/-/webidl-conversions-3.0.1.tgz. Extracting by manifest.
111 silly tarball no local data for tr46@https://registry.npmjs.org/tr46/-/tr46-0.0.3.tgz. Extracting by manifest.
112 silly tarball no local data for whatwg-url@https://registry.npmjs.org/whatwg-url/-/whatwg-url-5.0.0.tgz. Extracting by manifest.
113 silly tarball no local data for node-fetch@https://registry.npmjs.org/node-fetch/-/node-fetch-2.7.0.tgz. Extracting by manifest.
114 silly tarball no local data for ms@https://registry.npmjs.org/ms/-/ms-2.1.3.tgz. Extracting by manifest.
115 silly tarball no local data for debug@https://registry.npmjs.org/debug/-/debug-4.4.3.tgz. Extracting by manifest.
116 silly tarball no local data for @grammyjs/types@https://registry.npmjs.org/@grammyjs/types/-/types-3.26.0.tgz. Extracting by manifest.
117 silly tarball no local data for event-target-shim@https://registry.npmjs.org/event-target-shim/-/event-target-shim-5.0.1.tgz. Extracting by manifest.
118 silly tarball no local data for bottleneck@https://registry.npmjs.org/bottleneck/-/bottleneck-2.19.5.tgz. Extracting by manifest.
119 silly tarball no local data for abort-controller@https://registry.npmjs.org/abort-controller/-/abort-controller-3.0.0.tgz. Extracting by manifest.
120 silly tarball no local data for undici@https://registry.npmjs.org/undici/-/undici-8.1.0.tgz. Extracting by manifest.
121 silly tarball no local data for typebox@https://registry.npmjs.org/typebox/-/typebox-1.1.31.tgz. Extracting by manifest.
122 silly tarball no local data for grammy@https://registry.npmjs.org/grammy/-/grammy-1.42.0.tgz. Extracting by manifest.
123 silly tarball no local data for @grammyjs/transformer-throttler@https://registry.npmjs.org/@grammyjs/transformer-throttler/-/transformer-throttler-1.2.1.tgz. Extracting by manifest.
124 silly tarball no local data for @grammyjs/runner@https://registry.npmjs.org/@grammyjs/runner/-/runner-2.0.3.tgz. Extracting by manifest.
125 http fetch GET 200 https://registry.npmjs.org/debug/-/debug-4.4.3.tgz 105ms (cache miss)
126 http fetch GET 200 https://registry.npmjs.org/webidl-conversions/-/webidl-conversions-3.0.1.tgz 110ms (cache miss)
127 http fetch GET 200 https://registry.npmjs.org/ms/-/ms-2.1.3.tgz 110ms (cache miss)
128 http fetch GET 200 https://registry.npmjs.org/whatwg-url/-/whatwg-url-5.0.0.tgz 112ms (cache miss)
129 http fetch GET 200 https://registry.npmjs.org/@grammyjs/transformer-throttler/-/transformer-throttler-1.2.1.tgz 112ms (cache miss)
130 http fetch GET 200 https://registry.npmjs.org/node-fetch/-/node-fetch-2.7.0.tgz 119ms (cache miss)
131 http fetch GET 200 https://registry.npmjs.org/tr46/-/tr46-0.0.3.tgz 120ms (cache miss)
132 http fetch GET 200 https://registry.npmjs.org/abort-controller/-/abort-controller-3.0.0.tgz 135ms (cache miss)
133 http fetch GET 200 https://registry.npmjs.org/event-target-shim/-/event-target-shim-5.0.1.tgz 137ms (cache miss)
134 http fetch GET 200 https://registry.npmjs.org/@grammyjs/types/-/types-3.26.0.tgz 151ms (cache miss)
135 http fetch GET 200 https://registry.npmjs.org/@grammyjs/runner/-/runner-2.0.3.tgz 149ms (cache miss)
136 http fetch GET 200 https://registry.npmjs.org/grammy/-/grammy-1.42.0.tgz 190ms (cache miss)
137 http fetch GET 200 https://registry.npmjs.org/bottleneck/-/bottleneck-2.19.5.tgz 202ms (cache miss)
138 http fetch GET 200 https://registry.npmjs.org/undici/-/undici-8.1.0.tgz 267ms (cache miss)
139 http fetch GET 200 https://registry.npmjs.org/typebox/-/typebox-1.1.31.tgz 608ms (cache miss)
140 silly ADD node_modules/webidl-conversions
141 silly ADD node_modules/tr46
142 silly ADD node_modules/whatwg-url
143 silly ADD node_modules/ms
144 silly ADD node_modules/node-fetch
145 silly ADD node_modules/debug
146 silly ADD node_modules/@grammyjs/types
147 silly ADD node_modules/event-target-shim
148 silly ADD node_modules/bottleneck
149 silly ADD node_modules/abort-controller
150 silly ADD node_modules/undici
151 silly ADD node_modules/typebox
152 silly ADD node_modules/grammy
153 silly ADD node_modules/@grammyjs/transformer-throttler
154 silly ADD node_modules/@grammyjs/runner
155 verbose cwd /home/keiran/.openclaw/plugin-runtime-deps/openclaw-unknown-cf1583a57bcf
156 verbose os Linux 6.17.0-20-generic
157 verbose node v22.22.2
158 verbose npm  v10.9.7
159 notice
159 notice New major version of npm available! 10.9.7 -> 11.13.0
159 notice Changelog: https://github.com/npm/cli/releases/tag/v11.13.0
159 notice To update run: npm install -g npm@11.13.0
159 notice  { force: true, [Symbol(proc-log.meta)]: true }
160 verbose exit 0
161 info ok
