0 verbose cli /usr/bin/node /usr/lib/node_modules/npm/bin/npm-cli.js
1 info using npm@10.9.7
2 info using node@v22.22.2
3 silly config load:file:/usr/lib/node_modules/npm/npmrc
4 silly config load:file:/home/keiran/.openclaw/plugin-runtime-deps/openclaw-unknown-cf1583a57bcf/.npmrc
5 silly config load:file:/home/keiran/.npmrc
6 silly config load:file:/home/keiran/.npm-global/etc/npmrc
7 verbose title npm install @grammyjs/runner@^2.0.3 @grammyjs/transformer-throttler@^1.2.1 @tencent-connect/qqbot-connector@^1.1.0 grammy@^1.42.0 mpg123-decoder@^1.0.3 silk-wasm@^3.7.1 typebox@1.1.31 undici@8.1.0 ws@^8.20.0 zod@^4.3.6
8 verbose argv "install" "--ignore-scripts" "@grammyjs/runner@^2.0.3" "@grammyjs/transformer-throttler@^1.2.1" "@tencent-connect/qqbot-connector@^1.1.0" "grammy@^1.42.0" "mpg123-decoder@^1.0.3" "silk-wasm@^3.7.1" "typebox@1.1.31" "undici@8.1.0" "ws@^8.20.0" "zod@^4.3.6"
9 verbose logfile logs-max:10 dir:/home/keiran/.openclaw/plugin-runtime-deps/openclaw-unknown-cf1583a57bcf/.openclaw-npm-cache/_logs/2026-04-25T20_43_33_718Z-
10 verbose logfile /home/keiran/.openclaw/plugin-runtime-deps/openclaw-unknown-cf1583a57bcf/.openclaw-npm-cache/_logs/2026-04-25T20_43_33_718Z-debug-0.log
11 silly logfile done cleaning log files
12 silly packumentCache heap:4345298944 maxSize:1086324736 maxEntrySize:543162368
13 silly idealTree buildDeps
14 silly fetch manifest @grammyjs/runner@^2.0.3
15 silly packumentCache full:https://registry.npmjs.org/@grammyjs%2frunner cache-miss
16 http cache https://registry.npmjs.org/@grammyjs%2frunner 10ms (cache hit)
17 silly packumentCache full:https://registry.npmjs.org/@grammyjs%2frunner set size:47308 disposed:false
18 silly fetch manifest @grammyjs/transformer-throttler@^1.2.1
19 silly packumentCache full:https://registry.npmjs.org/@grammyjs%2ftransformer-throttler cache-miss
20 http cache https://registry.npmjs.org/@grammyjs%2ftransformer-throttler 3ms (cache hit)
21 silly packumentCache full:https://registry.npmjs.org/@grammyjs%2ftransformer-throttler set size:30520 disposed:false
22 silly fetch manifest @tencent-connect/qqbot-connector@^1.1.0
23 silly packumentCache full:https://registry.npmjs.org/@tencent-connect%2fqqbot-connector cache-miss
24 http fetch GET 200 https://registry.npmjs.org/@tencent-connect%2fqqbot-connector 67ms (cache miss)
25 silly packumentCache full:https://registry.npmjs.org/@tencent-connect%2fqqbot-connector set size:undefined disposed:false
26 silly fetch manifest grammy@^1.42.0
27 silly packumentCache full:https://registry.npmjs.org/grammy cache-miss
28 http cache https://registry.npmjs.org/grammy 3ms (cache hit)
29 silly packumentCache full:https://registry.npmjs.org/grammy set size:413645 disposed:false
30 silly fetch manifest mpg123-decoder@^1.0.3
31 silly packumentCache full:https://registry.npmjs.org/mpg123-decoder cache-miss
32 http fetch GET 200 https://registry.npmjs.org/mpg123-decoder 33ms (cache miss)
33 silly packumentCache full:https://registry.npmjs.org/mpg123-decoder set size:undefined disposed:false
34 silly fetch manifest silk-wasm@^3.7.1
35 silly packumentCache full:https://registry.npmjs.org/silk-wasm cache-miss
36 http fetch GET 200 https://registry.npmjs.org/silk-wasm 24ms (cache miss)
37 silly packumentCache full:https://registry.npmjs.org/silk-wasm set size:undefined disposed:false
38 silly fetch manifest typebox@1.1.31
39 silly packumentCache full:https://registry.npmjs.org/typebox cache-miss
40 http cache https://registry.npmjs.org/typebox 3ms (cache hit)
41 silly packumentCache full:https://registry.npmjs.org/typebox set size:360671 disposed:false
42 silly fetch manifest undici@8.1.0
43 silly packumentCache full:https://registry.npmjs.org/undici cache-miss
44 http cache https://registry.npmjs.org/undici 5ms (cache hit)
45 silly packumentCache full:https://registry.npmjs.org/undici set size:1370112 disposed:false
46 silly fetch manifest ws@^8.20.0
47 silly packumentCache full:https://registry.npmjs.org/ws cache-miss
48 http fetch GET 200 https://registry.npmjs.org/ws 35ms (cache miss)
49 silly packumentCache full:https://registry.npmjs.org/ws set size:undefined disposed:false
50 silly fetch manifest zod@^4.3.6
51 silly packumentCache full:https://registry.npmjs.org/zod cache-miss
52 http fetch GET 200 https://registry.npmjs.org/zod 90ms (cache miss)
53 silly packumentCache full:https://registry.npmjs.org/zod set size:undefined disposed:false
54 silly placeDep ROOT @grammyjs/runner@2.0.3 REPLACE for:  want: ^2.0.3
55 silly placeDep ROOT @grammyjs/transformer-throttler@1.2.1 REPLACE for:  want: ^1.2.1
56 silly placeDep ROOT @tencent-connect/qqbot-connector@1.1.0 OK for:  want: ^1.1.0
57 silly placeDep ROOT grammy@1.42.0 REPLACE for:  want: ^1.42.0
58 silly placeDep ROOT mpg123-decoder@1.0.3 OK for:  want: ^1.0.3
59 silly placeDep ROOT silk-wasm@3.7.1 OK for:  want: ^3.7.1
60 silly placeDep ROOT typebox@1.1.31 REPLACE for:  want: 1.1.31
61 silly placeDep ROOT undici@8.1.0 REPLACE for:  want: 8.1.0
62 silly placeDep ROOT ws@8.20.0 OK for:  want: ^8.20.0
63 silly placeDep ROOT zod@4.3.6 OK for:  want: ^4.3.6
64 silly fetch manifest qrcode-terminal@^0.12
65 silly packumentCache full:https://registry.npmjs.org/qrcode-terminal cache-miss
66 silly fetch manifest @wasm-audio-decoders/common@9.0.7
67 silly packumentCache full:https://registry.npmjs.org/@wasm-audio-decoders%2fcommon cache-miss
68 http fetch GET 200 https://registry.npmjs.org/qrcode-terminal 24ms (cache miss)
69 silly packumentCache full:https://registry.npmjs.org/qrcode-terminal set size:undefined disposed:false
70 http fetch GET 200 https://registry.npmjs.org/@wasm-audio-decoders%2fcommon 48ms (cache miss)
71 silly packumentCache full:https://registry.npmjs.org/@wasm-audio-decoders%2fcommon set size:undefined disposed:false
72 silly placeDep ROOT qrcode-terminal@0.12.0 OK for: @tencent-connect/qqbot-connector@1.1.0 want: ^0.12
73 silly placeDep ROOT @wasm-audio-decoders/common@9.0.7 OK for: mpg123-decoder@1.0.3 want: 9.0.7
74 silly fetch manifest @eshaz/web-worker@1.2.2
75 silly packumentCache full:https://registry.npmjs.org/@eshaz%2fweb-worker cache-miss
76 silly fetch manifest simple-yenc@^1.0.4
77 silly packumentCache full:https://registry.npmjs.org/simple-yenc cache-miss
78 http fetch GET 200 https://registry.npmjs.org/simple-yenc 24ms (cache miss)
79 silly packumentCache full:https://registry.npmjs.org/simple-yenc set size:undefined disposed:false
80 http fetch GET 200 https://registry.npmjs.org/@eshaz%2fweb-worker 317ms (cache miss)
81 silly packumentCache full:https://registry.npmjs.org/@eshaz%2fweb-worker set size:undefined disposed:false
82 silly placeDep ROOT @eshaz/web-worker@1.2.2 OK for: @wasm-audio-decoders/common@9.0.7 want: 1.2.2
83 silly placeDep ROOT simple-yenc@1.0.4 OK for: @wasm-audio-decoders/common@9.0.7 want: ^1.0.4
84 silly reify moves {}
85 http cache simple-yenc@https://registry.npmjs.org/simple-yenc/-/simple-yenc-1.0.4.tgz 0ms (cache hit)
86 http cache @eshaz/web-worker@https://registry.npmjs.org/@eshaz/web-worker/-/web-worker-1.2.2.tgz 0ms (cache hit)
87 http cache @wasm-audio-decoders/common@https://registry.npmjs.org/@wasm-audio-decoders/common/-/common-9.0.7.tgz 0ms (cache hit)
88 http cache qrcode-terminal@https://registry.npmjs.org/qrcode-terminal/-/qrcode-terminal-0.12.0.tgz 0ms (cache hit)
89 http cache zod@https://registry.npmjs.org/zod/-/zod-4.3.6.tgz 0ms (cache hit)
90 http cache mpg123-decoder@https://registry.npmjs.org/mpg123-decoder/-/mpg123-decoder-1.0.3.tgz 0ms (cache hit)
91 http cache silk-wasm@https://registry.npmjs.org/silk-wasm/-/silk-wasm-3.7.1.tgz 1ms (cache hit)
92 http cache ws@https://registry.npmjs.org/ws/-/ws-8.20.0.tgz 0ms (cache hit)
93 http cache @tencent-connect/qqbot-connector@https://registry.npmjs.org/@tencent-connect/qqbot-connector/-/qqbot-connector-1.1.0.tgz 0ms (cache hit)
94 silly tarball no local data for simple-yenc@https://registry.npmjs.org/simple-yenc/-/simple-yenc-1.0.4.tgz. Extracting by manifest.
95 silly tarball no local data for @eshaz/web-worker@https://registry.npmjs.org/@eshaz/web-worker/-/web-worker-1.2.2.tgz. Extracting by manifest.
96 silly tarball no local data for @wasm-audio-decoders/common@https://registry.npmjs.org/@wasm-audio-decoders/common/-/common-9.0.7.tgz. Extracting by manifest.
97 silly tarball no local data for qrcode-terminal@https://registry.npmjs.org/qrcode-terminal/-/qrcode-terminal-0.12.0.tgz. Extracting by manifest.
98 silly tarball no local data for zod@https://registry.npmjs.org/zod/-/zod-4.3.6.tgz. Extracting by manifest.
99 silly tarball no local data for mpg123-decoder@https://registry.npmjs.org/mpg123-decoder/-/mpg123-decoder-1.0.3.tgz. Extracting by manifest.
100 silly tarball no local data for silk-wasm@https://registry.npmjs.org/silk-wasm/-/silk-wasm-3.7.1.tgz. Extracting by manifest.
101 silly tarball no local data for ws@https://registry.npmjs.org/ws/-/ws-8.20.0.tgz. Extracting by manifest.
102 silly tarball no local data for @tencent-connect/qqbot-connector@https://registry.npmjs.org/@tencent-connect/qqbot-connector/-/qqbot-connector-1.1.0.tgz. Extracting by manifest.
103 http fetch GET 200 https://registry.npmjs.org/simple-yenc/-/simple-yenc-1.0.4.tgz 93ms (cache miss)
104 http fetch GET 200 https://registry.npmjs.org/@wasm-audio-decoders/common/-/common-9.0.7.tgz 96ms (cache miss)
105 http fetch GET 200 https://registry.npmjs.org/@eshaz/web-worker/-/web-worker-1.2.2.tgz 125ms (cache miss)
106 http fetch GET 200 https://registry.npmjs.org/@tencent-connect/qqbot-connector/-/qqbot-connector-1.1.0.tgz 161ms (cache miss)
107 http fetch GET 200 https://registry.npmjs.org/mpg123-decoder/-/mpg123-decoder-1.0.3.tgz 166ms (cache miss)
108 http fetch GET 200 https://registry.npmjs.org/ws/-/ws-8.20.0.tgz 166ms (cache miss)
109 http fetch GET 200 https://registry.npmjs.org/silk-wasm/-/silk-wasm-3.7.1.tgz 169ms (cache miss)
110 http fetch GET 200 https://registry.npmjs.org/qrcode-terminal/-/qrcode-terminal-0.12.0.tgz 174ms (cache miss)
111 http fetch GET 200 https://registry.npmjs.org/zod/-/zod-4.3.6.tgz 520ms (cache miss)
112 silly ADD node_modules/simple-yenc
113 silly ADD node_modules/@eshaz/web-worker
114 silly ADD node_modules/@wasm-audio-decoders/common
115 silly ADD node_modules/qrcode-terminal
116 silly ADD node_modules/zod
117 silly ADD node_modules/ws
118 silly ADD node_modules/silk-wasm
119 silly ADD node_modules/mpg123-decoder
120 silly ADD node_modules/@tencent-connect/qqbot-connector
121 verbose cwd /home/keiran/.openclaw/plugin-runtime-deps/openclaw-unknown-cf1583a57bcf
122 verbose os Linux 6.17.0-20-generic
123 verbose node v22.22.2
124 verbose npm  v10.9.7
125 verbose exit 0
126 info ok
